Using pre-set license
Built from '2020.2/release' branch; Version is '2020.2.2f1 (068178b99f32) revision 426360'; Using compiler version '192528614'; Build Type 'Release'
OS: 'Windows 10 Home; OS build 19042.985; Version 2009; 64bit' Language: 'ko' Physical Memory: 8048 MB
BatchMode: 1, IsHumanControllingUs: 0, StartBugReporterOnCrash: 0, Is64bit: 1, IsPro: 0

 COMMAND LINE ARGUMENTS:
C:\Program Files\Unity\Hub\Editor\2020.2.2f1\Editor\Unity.exe
-adb2
-batchMode
-noUpm
-name
AssetImportWorker1
-projectPath
C:/unity/2dgame
-logFile
Logs/AssetImportWorker1.log
-srvPort
55208
Successfully changed project path to: C:/unity/2dgame
C:/unity/2dgame
Using Asset Import Pipeline V2.
Refreshing native plugins compatible for Editor in 543.72 ms, found 2 plugins.
Preloading 0 native plugins for Editor in 0.00 ms.
Initialize engine version: 2020.2.2f1 (068178b99f32)
[Subsystems] Discovering subsystems at path C:/Program Files/Unity/Hub/Editor/2020.2.2f1/Editor/Data/Resources/UnitySubsystems
[Subsystems] Discovering subsystems at path C:/unity/2dgame/Assets
GfxDevice: creating device client; threaded=0
Direct3D:
    Version:  Direct3D 11.0 [level 11.1]
    Renderer: Intel(R) UHD Graphics 620 (ID=0x3ea0)
    Vendor:   
    VRAM:     4024 MB
    Driver:   26.20.100.7324
Initialize mono
Mono path[0] = 'C:/Program Files/Unity/Hub/Editor/2020.2.2f1/Editor/Data/Managed'
Mono path[1] = 'C:/Program Files/Unity/Hub/Editor/2020.2.2f1/Editor/Data/MonoBleedingEdge/lib/mono/unityjit'
Mono config path = 'C:/Program Files/Unity/Hub/Editor/2020.2.2f1/Editor/Data/MonoBleedingEdge/etc'
Using monoOptions --debugger-agent=transport=dt_socket,embedding=1,server=y,suspend=n,address=127.0.0.1:56812
Begin MonoManager ReloadAssembly
Registering precompiled unity dll's ...
Register platform support module: C:/Program Files/Unity/Hub/Editor/2020.2.2f1/Editor/Data/PlaybackEngines/WindowsStandaloneSupport/UnityEditor.WindowsStandalone.Extensions.dll
Registered in 0.011421 seconds.
Native extension for WindowsStandalone target not found
Refreshing native plugins compatible for Editor in 76.59 ms, found 2 plugins.
Preloading 0 native plugins for Editor in 0.00 ms.
Invoked RoslynAnalysisRunner static constructor.
RoslynAnalysisRunner will not be running.
RoslynAnalysisRunner has terminated.
Mono: successfully reloaded assembly
- Completed reload, in 11.942 seconds
Platform modules already initialized, skipping
Registering precompiled user dll's ...
Registered in 0.072362 seconds.
Begin MonoManager ReloadAssembly
Native extension for WindowsStandalone target not found
Refreshing native plugins compatible for Editor in 84.53 ms, found 2 plugins.
Preloading 0 native plugins for Editor in 0.00 ms.
Invoked RoslynAnalysisRunner static constructor.
RoslynAnalysisRunner will not be running.
RoslynAnalysisRunner has terminated.
Mono: successfully reloaded assembly
- Completed reload, in  2.923 seconds
Platform modules already initialized, skipping
========================================================================
Worker process is ready to serve import requests
Launched and connected shader compiler UnityShaderCompiler.exe after 0.14 seconds
Refreshing native plugins compatible for Editor in 1.17 ms, found 2 plugins.
Preloading 0 native plugins for Editor in 0.00 ms.
Unloading 1814 Unused Serialized files (Serialized files now loaded: 0)
System memory in use before: 88.1 MB.
System memory in use after: 88.0 MB.

Unloading 40 unused Assets to reduce memory usage. Loaded Objects now: 2324.
Total: 7.428600 ms (FindLiveObjects: 0.415100 ms CreateObjectMapping: 0.299400 ms MarkObjects: 6.288400 ms  DeleteObjects: 0.422800 ms)

========================================================================
Received Import Request.
  path: Assets/script/Data Manager.cs
  artifactKey: Guid(d4f444d5350d50846b2d159f4e613654) Importer(815301076,1909f56bfc062723c751e8b465ee728b)
Start importing Assets/script/Data Manager.cs using Guid(d4f444d5350d50846b2d159f4e613654) Importer(815301076,1909f56bfc062723c751e8b465ee728b)  -> (artifact id: '82b6c09c4040c03fc5fe9c0c795ef594') in 0.095849 seconds
  Import took 0.103084 seconds .

========================================================================
Received Prepare
Registering precompiled user dll's ...
Registered in 0.151054 seconds.
Begin MonoManager ReloadAssembly
Native extension for WindowsStandalone target not found
Refreshing native plugins compatible for Editor in 1.60 ms, found 2 plugins.
Preloading 0 native plugins for Editor in 0.00 ms.
Invoked RoslynAnalysisRunner static constructor.
RoslynAnalysisRunner will not be running.
RoslynAnalysisRunner has terminated.
Mono: successfully reloaded assembly
- Completed reload, in  5.988 seconds
Platform modules already initialized, skipping
Refreshing native plugins compatible for Editor in 1.14 ms, found 2 plugins.
Preloading 0 native plugins for Editor in 0.00 ms.
Unloading 1809 Unused Serialized files (Serialized files now loaded: 0)
System memory in use before: 88.1 MB.
System memory in use after: 88.1 MB.

Unloading 28 unused Assets to reduce memory usage. Loaded Objects now: 2327.
Total: 5.079800 ms (FindLiveObjects: 0.450000 ms CreateObjectMapping: 0.188000 ms MarkObjects: 4.210000 ms  DeleteObjects: 0.228800 ms)

========================================================================
Received Prepare
Registering precompiled user dll's ...
Registered in 0.101202 seconds.
Begin MonoManager ReloadAssembly
Native extension for WindowsStandalone target not found
Refreshing native plugins compatible for Editor in 1.39 ms, found 2 plugins.
Preloading 0 native plugins for Editor in 0.00 ms.
Invoked RoslynAnalysisRunner static constructor.
RoslynAnalysisRunner will not be running.
RoslynAnalysisRunner has terminated.
Mono: successfully reloaded assembly
- Completed reload, in  4.994 seconds
Platform modules already initialized, skipping
Refreshing native plugins compatible for Editor in 1.66 ms, found 2 plugins.
Preloading 0 native plugins for Editor in 0.00 ms.
Unloading 1808 Unused Serialized files (Serialized files now loaded: 0)
System memory in use before: 88.2 MB.
System memory in use after: 88.2 MB.

Unloading 29 unused Assets to reduce memory usage. Loaded Objects now: 2329.
Total: 4.906700 ms (FindLiveObjects: 0.529500 ms CreateObjectMapping: 0.278500 ms MarkObjects: 3.844100 ms  DeleteObjects: 0.251300 ms)

========================================================================
Received Import Request.
  Time since last request: 155.312697 seconds.
  path: Assets/script/DataManager.cs
  artifactKey: Guid(32863a088ad513e4481f661b6380e35f) Importer(815301076,1909f56bfc062723c751e8b465ee728b)
Start importing Assets/script/DataManager.cs using Guid(32863a088ad513e4481f661b6380e35f) Importer(815301076,1909f56bfc062723c751e8b465ee728b)  -> (artifact id: '0ab644079eb131a07b78f1a0cfab497c') in 0.014169 seconds
  Import took 0.019110 seconds .

========================================================================
Received Prepare
Registering precompiled user dll's ...
Registered in 0.057986 seconds.
Begin MonoManager ReloadAssembly
Native extension for WindowsStandalone target not found
Refreshing native plugins compatible for Editor in 1.41 ms, found 2 plugins.
Preloading 0 native plugins for Editor in 0.00 ms.
Invoked RoslynAnalysisRunner static constructor.
RoslynAnalysisRunner will not be running.
RoslynAnalysisRunner has terminated.
Mono: successfully reloaded assembly
- Completed reload, in  4.668 seconds
Platform modules already initialized, skipping
Refreshing native plugins compatible for Editor in 0.70 ms, found 2 plugins.
Preloading 0 native plugins for Editor in 0.00 ms.
Unloading 1809 Unused Serialized files (Serialized files now loaded: 0)
System memory in use before: 88.3 MB.
System memory in use after: 88.3 MB.

Unloading 28 unused Assets to reduce memory usage. Loaded Objects now: 2333.
Total: 3.157000 ms (FindLiveObjects: 0.268800 ms CreateObjectMapping: 0.110800 ms MarkObjects: 2.625000 ms  DeleteObjects: 0.150300 ms)

========================================================================
Received Import Request.
  Time since last request: 325.386830 seconds.
  path: Assets/Macro/Bullet.asset
  artifactKey: Guid(7bf7cda872caef14e9804de9eabc4dac) Importer(815301076,1909f56bfc062723c751e8b465ee728b)
Start importing Assets/Macro/Bullet.asset using Guid(7bf7cda872caef14e9804de9eabc4dac) Importer(815301076,1909f56bfc062723c751e8b465ee728b)  -> (artifact id: '5c4b35366b06c2e4d3794fe5e7602bcb') in 0.580787 seconds
  Import took 0.586797 seconds .

========================================================================
Received Import Request.
  Time since last request: 0.000372 seconds.
  path: Assets/Map/Platform_2.asset
  artifactKey: Guid(de50607d145300944b9287d8f325acf9) Importer(815301076,1909f56bfc062723c751e8b465ee728b)
Start importing Assets/Map/Platform_2.asset using Guid(de50607d145300944b9287d8f325acf9) Importer(815301076,1909f56bfc062723c751e8b465ee728b)  -> (artifact id: '3dfeea890950b49de5d0339ec2ef5c7e') in 0.108997 seconds
  Import took 0.112421 seconds .

========================================================================
Received Import Request.
  Time since last request: 0.000305 seconds.
  path: Assets/Map/Platform_1.asset
  artifactKey: Guid(016b3252c75a3964ab3b73ae27648a59) Importer(815301076,1909f56bfc062723c751e8b465ee728b)
Start importing Assets/Map/Platform_1.asset using Guid(016b3252c75a3964ab3b73ae27648a59) Importer(815301076,1909f56bfc062723c751e8b465ee728b)  -> (artifact id: 'e27714945e7dc3e20e851d7a5fad20ec') in 0.014753 seconds
  Import took 0.018206 seconds .

========================================================================
Received Import Request.
  Time since last request: 0.000310 seconds.
  path: Assets/Macro/Player.asset
  artifactKey: Guid(de70240c07dd5f34383d5e4f8890617e) Importer(815301076,1909f56bfc062723c751e8b465ee728b)
Start importing Assets/Macro/Player.asset using Guid(de70240c07dd5f34383d5e4f8890617e) Importer(815301076,1909f56bfc062723c751e8b465ee728b)  -> (artifact id: '78b6ecf6952a67dbce4d61a8d6a2193f') in 0.177179 seconds
  Import took 0.180694 seconds .

========================================================================
Received Import Request.
  Time since last request: 0.000367 seconds.
  path: Assets/Map/New Palette.prefab
  artifactKey: Guid(3244144831e44c241ae349a00a930106) Importer(815301076,1909f56bfc062723c751e8b465ee728b)
Start importing Assets/Map/New Palette.prefab using Guid(3244144831e44c241ae349a00a930106) Importer(815301076,1909f56bfc062723c751e8b465ee728b)  -> (artifact id: 'a71a7ad3018b9368fdd34185a5a47155') in 0.018423 seconds
  Import took 0.022600 seconds .

========================================================================
Received Import Request.
  Time since last request: 0.000444 seconds.
  path: Assets/Macro/Enemy.asset
  artifactKey: Guid(4a7ad6890d7e76e40b7c7453ed26113d) Importer(815301076,1909f56bfc062723c751e8b465ee728b)
Start importing Assets/Macro/Enemy.asset using Guid(4a7ad6890d7e76e40b7c7453ed26113d) Importer(815301076,1909f56bfc062723c751e8b465ee728b)  -> (artifact id: 'b8eb5271777a79ee5c5b71869b0b45f2') in 0.096612 seconds
  Import took 0.100408 seconds .

========================================================================
Received Import Request.
  Time since last request: 0.000345 seconds.
  path: Assets/Map/Platform_0.asset
  artifactKey: Guid(b6948d20d00a4a54592cf2db081a8ac9) Importer(815301076,1909f56bfc062723c751e8b465ee728b)
Start importing Assets/Map/Platform_0.asset using Guid(b6948d20d00a4a54592cf2db081a8ac9) Importer(815301076,1909f56bfc062723c751e8b465ee728b)  -> (artifact id: '194d9bbc38fffd8f505ae4d9c24dd6e4') in 0.018050 seconds
  Import took 0.022287 seconds .

========================================================================
Received Import Request.
  Time since last request: 9.642981 seconds.
  path: Assets/UI/UI.png
  artifactKey: Guid(5629e9c8812d4a341a8fc9ec4ee0dca0) Importer(815301076,1909f56bfc062723c751e8b465ee728b)
Start importing Assets/UI/UI.png using Guid(5629e9c8812d4a341a8fc9ec4ee0dca0) Importer(815301076,1909f56bfc062723c751e8b465ee728b)  -> (artifact id: '8fa82abc81a6e184275993e1bb15fb03') in 0.260697 seconds
  Import took 0.265391 seconds .

========================================================================
Received Import Request.
  Time since last request: 38.593860 seconds.
  path: Assets/UI/UI.png
  artifactKey: Guid(5629e9c8812d4a341a8fc9ec4ee0dca0) Importer(815301076,1909f56bfc062723c751e8b465ee728b)
Start importing Assets/UI/UI.png using Guid(5629e9c8812d4a341a8fc9ec4ee0dca0) Importer(815301076,1909f56bfc062723c751e8b465ee728b)  -> (artifact id: 'f9aad1d0a2397b65c43fb764e39c530c') in 0.095875 seconds
  Import took 0.103416 seconds .

========================================================================
Received Import Request.
  Time since last request: 170.135617 seconds.
  path: Assets/script/UIManager.cs
  artifactKey: Guid(517a3584d26261449a2fea00e91bf814) Importer(815301076,1909f56bfc062723c751e8b465ee728b)
Start importing Assets/script/UIManager.cs using Guid(517a3584d26261449a2fea00e91bf814) Importer(815301076,1909f56bfc062723c751e8b465ee728b)  -> (artifact id: '87ca65b63533f801e051fb67809ae256') in 0.008081 seconds
  Import took 0.012788 seconds .

========================================================================
Received Prepare
Registering precompiled user dll's ...
Registered in 0.056723 seconds.
Begin MonoManager ReloadAssembly
Native extension for WindowsStandalone target not found
Refreshing native plugins compatible for Editor in 0.72 ms, found 2 plugins.
Preloading 0 native plugins for Editor in 0.00 ms.
Invoked RoslynAnalysisRunner static constructor.
RoslynAnalysisRunner will not be running.
RoslynAnalysisRunner has terminated.
Mono: successfully reloaded assembly
- Completed reload, in  2.688 seconds
Platform modules already initialized, skipping
Refreshing native plugins compatible for Editor in 0.77 ms, found 2 plugins.
Preloading 0 native plugins for Editor in 0.00 ms.
Unloading 1810 Unused Serialized files (Serialized files now loaded: 0)
System memory in use before: 91.5 MB.
System memory in use after: 91.5 MB.

Unloading 28 unused Assets to reduce memory usage. Loaded Objects now: 2345.
Total: 3.250200 ms (FindLiveObjects: 0.309900 ms CreateObjectMapping: 0.133700 ms MarkObjects: 2.647700 ms  DeleteObjects: 0.156500 ms)

========================================================================
Received Prepare
Registering precompiled user dll's ...
Registered in 0.044736 seconds.
Begin MonoManager ReloadAssembly
Native extension for WindowsStandalone target not found
Refreshing native plugins compatible for Editor in 1.80 ms, found 2 plugins.
Preloading 0 native plugins for Editor in 0.00 ms.
Invoked RoslynAnalysisRunner static constructor.
RoslynAnalysisRunner will not be running.
RoslynAnalysisRunner has terminated.
Mono: successfully reloaded assembly
- Completed reload, in  4.263 seconds
Platform modules already initialized, skipping
Refreshing native plugins compatible for Editor in 1.28 ms, found 2 plugins.
Preloading 0 native plugins for Editor in 0.00 ms.
Unloading 1810 Unused Serialized files (Serialized files now loaded: 0)
System memory in use before: 91.6 MB.
System memory in use after: 91.6 MB.

Unloading 28 unused Assets to reduce memory usage. Loaded Objects now: 2348.
Total: 5.313900 ms (FindLiveObjects: 0.580200 ms CreateObjectMapping: 0.295800 ms MarkObjects: 4.201900 ms  DeleteObjects: 0.232100 ms)

========================================================================
Received Prepare
Registering precompiled user dll's ...
Registered in 0.045643 seconds.
Begin MonoManager ReloadAssembly
Native extension for WindowsStandalone target not found
Refreshing native plugins compatible for Editor in 0.77 ms, found 2 plugins.
Preloading 0 native plugins for Editor in 0.00 ms.
Invoked RoslynAnalysisRunner static constructor.
RoslynAnalysisRunner will not be running.
RoslynAnalysisRunner has terminated.
Mono: successfully reloaded assembly
- Completed reload, in  2.999 seconds
Platform modules already initialized, skipping
Refreshing native plugins compatible for Editor in 0.63 ms, found 2 plugins.
Preloading 0 native plugins for Editor in 0.00 ms.
Unloading 1810 Unused Serialized files (Serialized files now loaded: 0)
System memory in use before: 91.7 MB.
System memory in use after: 91.7 MB.

Unloading 28 unused Assets to reduce memory usage. Loaded Objects now: 2351.
Total: 6.886200 ms (FindLiveObjects: 0.671000 ms CreateObjectMapping: 0.281600 ms MarkObjects: 5.579300 ms  DeleteObjects: 0.349500 ms)

========================================================================
Received Import Request.
  Time since last request: 131.347690 seconds.
  path: Assets/script/UIManager.cs
  artifactKey: Guid(517a3584d26261449a2fea00e91bf814) Importer(815301076,1909f56bfc062723c751e8b465ee728b)
Start importing Assets/script/UIManager.cs using Guid(517a3584d26261449a2fea00e91bf814) Importer(815301076,1909f56bfc062723c751e8b465ee728b)  -> (artifact id: '3405c0377ced0a5b3869f5dd95a4418d') in 0.024987 seconds
  Import took 0.037394 seconds .

========================================================================
Received Prepare
Registering precompiled user dll's ...
Registered in 0.054360 seconds.
Begin MonoManager ReloadAssembly
Native extension for WindowsStandalone target not found
Refreshing native plugins compatible for Editor in 0.90 ms, found 2 plugins.
Preloading 0 native plugins for Editor in 0.00 ms.
Invoked RoslynAnalysisRunner static constructor.
RoslynAnalysisRunner will not be running.
RoslynAnalysisRunner has terminated.
Mono: successfully reloaded assembly
- Completed reload, in  4.236 seconds
Platform modules already initialized, skipping
Refreshing native plugins compatible for Editor in 0.73 ms, found 2 plugins.
Preloading 0 native plugins for Editor in 0.00 ms.
Unloading 1810 Unused Serialized files (Serialized files now loaded: 0)
System memory in use before: 91.8 MB.
System memory in use after: 91.8 MB.

Unloading 28 unused Assets to reduce memory usage. Loaded Objects now: 2354.
Total: 5.412400 ms (FindLiveObjects: 0.675800 ms CreateObjectMapping: 0.308800 ms MarkObjects: 4.239300 ms  DeleteObjects: 0.184900 ms)

========================================================================
Received Import Request.
  Time since last request: 233.955859 seconds.
  path: ProjectSettings/TagManager.asset
  artifactKey: Guid(00000000000000003000000000000000) Importer(815301076,1909f56bfc062723c751e8b465ee728b)
Start importing ProjectSettings/TagManager.asset using Guid(00000000000000003000000000000000) Importer(815301076,1909f56bfc062723c751e8b465ee728b)  -> (artifact id: '5e35450bb1158d2ab6e2d7af9894e181') in 0.022861 seconds
  Import took 0.027904 seconds .

========================================================================
Received Import Request.
  Time since last request: 382.544190 seconds.
  path: Assets/script/SavaData.cs
  artifactKey: Guid(bf4e85a09fbd56a4e9bbfde58e8f4f32) Importer(815301076,1909f56bfc062723c751e8b465ee728b)
Start importing Assets/script/SavaData.cs using Guid(bf4e85a09fbd56a4e9bbfde58e8f4f32) Importer(815301076,1909f56bfc062723c751e8b465ee728b)  -> (artifact id: '9ab1cc4eead3feb6eaebdd19ef01064c') in 0.010693 seconds
  Import took 0.016915 seconds .

========================================================================
Received Prepare
Registering precompiled user dll's ...
Registered in 0.043592 seconds.
Begin MonoManager ReloadAssembly
Native extension for WindowsStandalone target not found
Refreshing native plugins compatible for Editor in 0.68 ms, found 2 plugins.
Preloading 0 native plugins for Editor in 0.00 ms.
Invoked RoslynAnalysisRunner static constructor.
RoslynAnalysisRunner will not be running.
RoslynAnalysisRunner has terminated.
Mono: successfully reloaded assembly
- Completed reload, in  1.866 seconds
Platform modules already initialized, skipping
Refreshing native plugins compatible for Editor in 0.95 ms, found 2 plugins.
Preloading 0 native plugins for Editor in 0.00 ms.
Unloading 1811 Unused Serialized files (Serialized files now loaded: 0)
System memory in use before: 91.9 MB.
System memory in use after: 91.9 MB.

Unloading 29 unused Assets to reduce memory usage. Loaded Objects now: 2358.
Total: 4.202100 ms (FindLiveObjects: 0.600500 ms CreateObjectMapping: 0.232200 ms MarkObjects: 3.177600 ms  DeleteObjects: 0.188700 ms)

========================================================================
Received Import Request.
  Time since last request: 16.160255 seconds.
  path: Assets/script/SaveData.cs
  artifactKey: Guid(bf4e85a09fbd56a4e9bbfde58e8f4f32) Importer(815301076,1909f56bfc062723c751e8b465ee728b)
Start importing Assets/script/SaveData.cs using Guid(bf4e85a09fbd56a4e9bbfde58e8f4f32) Importer(815301076,1909f56bfc062723c751e8b465ee728b)  -> (artifact id: 'f2d558cb664ceda7823301ac2da95cfb') in 0.016125 seconds
  Import took 0.022358 seconds .

========================================================================
Received Prepare
Registering precompiled user dll's ...
Registered in 0.046650 seconds.
Begin MonoManager ReloadAssembly
Native extension for WindowsStandalone target not found
Refreshing native plugins compatible for Editor in 0.70 ms, found 2 plugins.
Preloading 0 native plugins for Editor in 0.00 ms.
Invoked RoslynAnalysisRunner static constructor.
RoslynAnalysisRunner will not be running.
RoslynAnalysisRunner has terminated.
Mono: successfully reloaded assembly
- Completed reload, in  1.938 seconds
Platform modules already initialized, skipping
Refreshing native plugins compatible for Editor in 1.17 ms, found 2 plugins.
Preloading 0 native plugins for Editor in 0.00 ms.
Unloading 1811 Unused Serialized files (Serialized files now loaded: 0)
System memory in use before: 91.9 MB.
System memory in use after: 91.9 MB.

Unloading 28 unused Assets to reduce memory usage. Loaded Objects now: 2361.
Total: 4.103300 ms (FindLiveObjects: 0.502900 ms CreateObjectMapping: 0.271700 ms MarkObjects: 3.144300 ms  DeleteObjects: 0.181200 ms)

========================================================================
Received Prepare
Registering precompiled user dll's ...
Registered in 0.050346 seconds.
Begin MonoManager ReloadAssembly
Native extension for WindowsStandalone target not found
Refreshing native plugins compatible for Editor in 1.22 ms, found 2 plugins.
Preloading 0 native plugins for Editor in 0.00 ms.
Invoked RoslynAnalysisRunner static constructor.
RoslynAnalysisRunner will not be running.
RoslynAnalysisRunner has terminated.
Mono: successfully reloaded assembly
- Completed reload, in  2.858 seconds
Platform modules already initialized, skipping
Refreshing native plugins compatible for Editor in 1.16 ms, found 2 plugins.
Preloading 0 native plugins for Editor in 0.00 ms.
Unloading 1811 Unused Serialized files (Serialized files now loaded: 0)
System memory in use before: 92.0 MB.
System memory in use after: 92.0 MB.

Unloading 28 unused Assets to reduce memory usage. Loaded Objects now: 2364.
Total: 5.070700 ms (FindLiveObjects: 0.454700 ms CreateObjectMapping: 0.218200 ms MarkObjects: 4.148300 ms  DeleteObjects: 0.244900 ms)

========================================================================
Received Prepare
Registering precompiled user dll's ...
Registered in 0.079893 seconds.
Begin MonoManager ReloadAssembly
Native extension for WindowsStandalone target not found
Refreshing native plugins compatible for Editor in 1.11 ms, found 2 plugins.
Preloading 0 native plugins for Editor in 0.00 ms.
Invoked RoslynAnalysisRunner static constructor.
RoslynAnalysisRunner will not be running.
RoslynAnalysisRunner has terminated.
Mono: successfully reloaded assembly
- Completed reload, in  6.788 seconds
Platform modules already initialized, skipping
Refreshing native plugins compatible for Editor in 1.20 ms, found 2 plugins.
Preloading 0 native plugins for Editor in 0.00 ms.
Unloading 1811 Unused Serialized files (Serialized files now loaded: 0)
System memory in use before: 92.1 MB.
System memory in use after: 92.1 MB.

Unloading 28 unused Assets to reduce memory usage. Loaded Objects now: 2367.
Total: 3.416800 ms (FindLiveObjects: 0.353300 ms CreateObjectMapping: 0.179600 ms MarkObjects: 2.698700 ms  DeleteObjects: 0.182600 ms)

========================================================================
Received Import Request.
  Time since last request: 189.800294 seconds.
  path: Assets/script/SaveData.cs
  artifactKey: Guid(bf4e85a09fbd56a4e9bbfde58e8f4f32) Importer(815301076,1909f56bfc062723c751e8b465ee728b)
Start importing Assets/script/SaveData.cs using Guid(bf4e85a09fbd56a4e9bbfde58e8f4f32) Importer(815301076,1909f56bfc062723c751e8b465ee728b)  -> (artifact id: '9213d973ab9fdedade1492277f091549') in 0.011713 seconds
  Import took 0.019011 seconds .

========================================================================
Received Prepare
Registering precompiled user dll's ...
Registered in 0.066018 seconds.
Begin MonoManager ReloadAssembly
Native extension for WindowsStandalone target not found
Refreshing native plugins compatible for Editor in 0.86 ms, found 2 plugins.
Preloading 0 native plugins for Editor in 0.00 ms.
Invoked RoslynAnalysisRunner static constructor.
RoslynAnalysisRunner will not be running.
RoslynAnalysisRunner has terminated.
Mono: successfully reloaded assembly
- Completed reload, in  3.476 seconds
Platform modules already initialized, skipping
Refreshing native plugins compatible for Editor in 1.20 ms, found 2 plugins.
Preloading 0 native plugins for Editor in 0.00 ms.
Unloading 1811 Unused Serialized files (Serialized files now loaded: 0)
System memory in use before: 92.1 MB.
System memory in use after: 92.1 MB.

Unloading 28 unused Assets to reduce memory usage. Loaded Objects now: 2370.
Total: 9.414300 ms (FindLiveObjects: 0.994800 ms CreateObjectMapping: 0.369500 ms MarkObjects: 7.800700 ms  DeleteObjects: 0.245200 ms)

AssetImportWorkerClient::OnTransportError - code=2 error=End of file
