Using pre-set license
Built from '2020.2/release' branch; Version is '2020.2.2f1 (068178b99f32) revision 426360'; Using compiler version '192528614'; Build Type 'Release'
OS: 'Windows 10 Home; OS build 19042.985; Version 2009; 64bit' Language: 'ko' Physical Memory: 8048 MB
BatchMode: 1, IsHumanControllingUs: 0, StartBugReporterOnCrash: 0, Is64bit: 1, IsPro: 0

 COMMAND LINE ARGUMENTS:
C:\Program Files\Unity\Hub\Editor\2020.2.2f1\Editor\Unity.exe
-adb2
-batchMode
-noUpm
-name
AssetImportWorker0
-projectPath
C:/unity/2dgame
-logFile
Logs/AssetImportWorker0.log
-srvPort
54185
Successfully changed project path to: C:/unity/2dgame
C:/unity/2dgame
Using Asset Import Pipeline V2.
Refreshing native plugins compatible for Editor in 88.50 ms, found 2 plugins.
Preloading 0 native plugins for Editor in 0.00 ms.
Initialize engine version: 2020.2.2f1 (068178b99f32)
[Subsystems] Discovering subsystems at path C:/Program Files/Unity/Hub/Editor/2020.2.2f1/Editor/Data/Resources/UnitySubsystems
[Subsystems] Discovering subsystems at path C:/unity/2dgame/Assets
GfxDevice: creating device client; threaded=0
Direct3D:
    Version:  Direct3D 11.0 [level 11.1]
    Renderer: Intel(R) UHD Graphics 620 (ID=0x3ea0)
    Vendor:   
    VRAM:     4024 MB
    Driver:   26.20.100.7324
Initialize mono
Mono path[0] = 'C:/Program Files/Unity/Hub/Editor/2020.2.2f1/Editor/Data/Managed'
Mono path[1] = 'C:/Program Files/Unity/Hub/Editor/2020.2.2f1/Editor/Data/MonoBleedingEdge/lib/mono/unityjit'
Mono config path = 'C:/Program Files/Unity/Hub/Editor/2020.2.2f1/Editor/Data/MonoBleedingEdge/etc'
Using monoOptions --debugger-agent=transport=dt_socket,embedding=1,server=y,suspend=n,address=127.0.0.1:56100
Begin MonoManager ReloadAssembly
Registering precompiled unity dll's ...
Register platform support module: C:/Program Files/Unity/Hub/Editor/2020.2.2f1/Editor/Data/PlaybackEngines/WindowsStandaloneSupport/UnityEditor.WindowsStandalone.Extensions.dll
Registered in 0.013891 seconds.
Native extension for WindowsStandalone target not found
Refreshing native plugins compatible for Editor in 80.97 ms, found 2 plugins.
Preloading 0 native plugins for Editor in 0.00 ms.
Invoked RoslynAnalysisRunner static constructor.
RoslynAnalysisRunner will not be running.
RoslynAnalysisRunner has terminated.
Mono: successfully reloaded assembly
- Completed reload, in  4.620 seconds
Platform modules already initialized, skipping
Registering precompiled user dll's ...
Registered in 0.080829 seconds.
Begin MonoManager ReloadAssembly
Native extension for WindowsStandalone target not found
Refreshing native plugins compatible for Editor in 71.36 ms, found 2 plugins.
Preloading 0 native plugins for Editor in 0.00 ms.
Invoked RoslynAnalysisRunner static constructor.
RoslynAnalysisRunner will not be running.
RoslynAnalysisRunner has terminated.
Mono: successfully reloaded assembly
- Completed reload, in  2.075 seconds
Platform modules already initialized, skipping
========================================================================
Worker process is ready to serve import requests
Launched and connected shader compiler UnityShaderCompiler.exe after 0.12 seconds
Refreshing native plugins compatible for Editor in 0.70 ms, found 2 plugins.
Preloading 0 native plugins for Editor in 0.00 ms.
Unloading 1809 Unused Serialized files (Serialized files now loaded: 0)
System memory in use before: 87.9 MB.
System memory in use after: 87.9 MB.

Unloading 40 unused Assets to reduce memory usage. Loaded Objects now: 2319.
Total: 8.119400 ms (FindLiveObjects: 2.797300 ms CreateObjectMapping: 0.304100 ms MarkObjects: 4.796800 ms  DeleteObjects: 0.215600 ms)

========================================================================
Received Import Request.
  path: Assets/Sound/AudioMixer.mixer
  artifactKey: Guid(cefcac2041fa4b84c87f3cb102bf7fd0) Importer(815301076,1909f56bfc062723c751e8b465ee728b)
Start importing Assets/Sound/AudioMixer.mixer using Guid(cefcac2041fa4b84c87f3cb102bf7fd0) Importer(815301076,1909f56bfc062723c751e8b465ee728b)  -> (artifact id: 'ef1b493d8988d11e4a99accf1619c75a') in 0.109803 seconds
  Import took 0.116509 seconds .

========================================================================
Received Import Request.
  Time since last request: 888.078829 seconds.
  path: Assets/script/Player.cs
  artifactKey: Guid(c977c46537d64d6459bc6fe89c3cbe63) Importer(815301076,1909f56bfc062723c751e8b465ee728b)
Start importing Assets/script/Player.cs using Guid(c977c46537d64d6459bc6fe89c3cbe63) Importer(815301076,1909f56bfc062723c751e8b465ee728b)  -> (artifact id: 'bc039d507460c8aa6a73602ebe9fb2ad') in 0.055813 seconds
  Import took 0.066321 seconds .

========================================================================
Received Import Request.
  Time since last request: 0.329168 seconds.
  path: Assets/script/Player.cs
  artifactKey: Guid(c977c46537d64d6459bc6fe89c3cbe63) Importer(815301076,1909f56bfc062723c751e8b465ee728b)
Start importing Assets/script/Player.cs using Guid(c977c46537d64d6459bc6fe89c3cbe63) Importer(815301076,1909f56bfc062723c751e8b465ee728b)  -> (artifact id: 'bc039d507460c8aa6a73602ebe9fb2ad') in 0.435882 seconds
  Import took 0.468408 seconds .

========================================================================
Received Prepare
Registering precompiled user dll's ...
Registered in 0.177782 seconds.
Begin MonoManager ReloadAssembly
Native extension for WindowsStandalone target not found
Refreshing native plugins compatible for Editor in 2.84 ms, found 2 plugins.
Preloading 0 native plugins for Editor in 0.00 ms.
Invoked RoslynAnalysisRunner static constructor.
RoslynAnalysisRunner will not be running.
RoslynAnalysisRunner has terminated.
Mono: successfully reloaded assembly
- Completed reload, in  5.475 seconds
Platform modules already initialized, skipping
Refreshing native plugins compatible for Editor in 1.35 ms, found 2 plugins.
Preloading 0 native plugins for Editor in 0.00 ms.
Unloading 1804 Unused Serialized files (Serialized files now loaded: 0)
System memory in use before: 87.9 MB.
System memory in use after: 87.9 MB.

Unloading 28 unused Assets to reduce memory usage. Loaded Objects now: 2322.
Total: 5.888600 ms (FindLiveObjects: 0.566700 ms CreateObjectMapping: 0.303500 ms MarkObjects: 4.792500 ms  DeleteObjects: 0.223100 ms)

========================================================================
Received Import Request.
  Time since last request: 515.278156 seconds.
  path: Assets/Prefab/BulletBolt.prefab
  artifactKey: Guid(4017ab9257df8a54c9780fa8c9c6ed54) Importer(815301076,1909f56bfc062723c751e8b465ee728b)
Start importing Assets/Prefab/BulletBolt.prefab using Guid(4017ab9257df8a54c9780fa8c9c6ed54) Importer(815301076,1909f56bfc062723c751e8b465ee728b)  -> (artifact id: '1edc1fe87b6ed9d41a3671bf2b2fc888') in 1.197068 seconds
  Import took 1.204875 seconds .

========================================================================
Received Import Request.
  Time since last request: 4.201928 seconds.
  path: Assets/Prefab/Bullet.prefab
  artifactKey: Guid(1b36bf8adea07874b9d614394b14ca2c) Importer(815301076,1909f56bfc062723c751e8b465ee728b)
Start importing Assets/Prefab/Bullet.prefab using Guid(1b36bf8adea07874b9d614394b14ca2c) Importer(815301076,1909f56bfc062723c751e8b465ee728b)  -> (artifact id: 'eb7122bb16638244638377bb933a29cf') in 0.028778 seconds
  Import took 0.035472 seconds .

========================================================================
Received Import Request.
  Time since last request: 0.009104 seconds.
  path: Assets/Prefab/Bullet.prefab
  artifactKey: Guid(1b36bf8adea07874b9d614394b14ca2c) Importer(815301076,1909f56bfc062723c751e8b465ee728b)
Start importing Assets/Prefab/Bullet.prefab using Guid(1b36bf8adea07874b9d614394b14ca2c) Importer(815301076,1909f56bfc062723c751e8b465ee728b)  -> (artifact id: 'eb7122bb16638244638377bb933a29cf') in 0.028674 seconds
  Import took 0.034509 seconds .

========================================================================
Received Prepare
Registering precompiled user dll's ...
Registered in 0.044223 seconds.
Begin MonoManager ReloadAssembly
Native extension for WindowsStandalone target not found
Refreshing native plugins compatible for Editor in 1.21 ms, found 2 plugins.
Preloading 0 native plugins for Editor in 0.00 ms.
Invoked RoslynAnalysisRunner static constructor.
RoslynAnalysisRunner will not be running.
RoslynAnalysisRunner has terminated.
Mono: successfully reloaded assembly
- Completed reload, in  3.037 seconds
Platform modules already initialized, skipping
Refreshing native plugins compatible for Editor in 0.62 ms, found 2 plugins.
Preloading 0 native plugins for Editor in 0.00 ms.
Unloading 1804 Unused Serialized files (Serialized files now loaded: 0)
System memory in use before: 91.1 MB.
System memory in use after: 91.1 MB.

Unloading 28 unused Assets to reduce memory usage. Loaded Objects now: 2332.
Total: 3.052400 ms (FindLiveObjects: 0.253100 ms CreateObjectMapping: 0.114200 ms MarkObjects: 2.542800 ms  DeleteObjects: 0.140600 ms)

========================================================================
Received Import Request.
  Time since last request: 163.745884 seconds.
  path: Assets/script/Bullet.cs
  artifactKey: Guid(a6104d998433a4c48af4cdd11abe0ad9) Importer(815301076,1909f56bfc062723c751e8b465ee728b)
Start importing Assets/script/Bullet.cs using Guid(a6104d998433a4c48af4cdd11abe0ad9) Importer(815301076,1909f56bfc062723c751e8b465ee728b)  -> (artifact id: 'b4af2900f2cdc366443e431f38a7412e') in 0.020428 seconds
  Import took 0.028529 seconds .

========================================================================
Received Import Request.
  Time since last request: 0.002397 seconds.
  path: Assets/script/Bullet.cs
  artifactKey: Guid(a6104d998433a4c48af4cdd11abe0ad9) Importer(815301076,1909f56bfc062723c751e8b465ee728b)
Start importing Assets/script/Bullet.cs using Guid(a6104d998433a4c48af4cdd11abe0ad9) Importer(815301076,1909f56bfc062723c751e8b465ee728b)  -> (artifact id: 'b4af2900f2cdc366443e431f38a7412e') in 0.012463 seconds
  Import took 0.018555 seconds .

========================================================================
Received Prepare
Registering precompiled user dll's ...
Registered in 0.062366 seconds.
Begin MonoManager ReloadAssembly
Native extension for WindowsStandalone target not found
Refreshing native plugins compatible for Editor in 0.84 ms, found 2 plugins.
Preloading 0 native plugins for Editor in 0.00 ms.
Invoked RoslynAnalysisRunner static constructor.
RoslynAnalysisRunner will not be running.
RoslynAnalysisRunner has terminated.
Mono: successfully reloaded assembly
- Completed reload, in  2.933 seconds
Platform modules already initialized, skipping
Refreshing native plugins compatible for Editor in 0.82 ms, found 2 plugins.
Preloading 0 native plugins for Editor in 0.00 ms.
Unloading 1805 Unused Serialized files (Serialized files now loaded: 0)
System memory in use before: 91.3 MB.
System memory in use after: 91.3 MB.

Unloading 28 unused Assets to reduce memory usage. Loaded Objects now: 2336.
Total: 4.721400 ms (FindLiveObjects: 0.367600 ms CreateObjectMapping: 0.150300 ms MarkObjects: 3.132700 ms  DeleteObjects: 1.067900 ms)

========================================================================
Received Prepare
Registering precompiled user dll's ...
Registered in 0.061971 seconds.
Begin MonoManager ReloadAssembly
Native extension for WindowsStandalone target not found
Refreshing native plugins compatible for Editor in 1.97 ms, found 2 plugins.
Preloading 0 native plugins for Editor in 0.00 ms.
Invoked RoslynAnalysisRunner static constructor.
RoslynAnalysisRunner will not be running.
RoslynAnalysisRunner has terminated.
Mono: successfully reloaded assembly
- Completed reload, in  4.691 seconds
Platform modules already initialized, skipping
Refreshing native plugins compatible for Editor in 0.75 ms, found 2 plugins.
Preloading 0 native plugins for Editor in 0.00 ms.
Unloading 1805 Unused Serialized files (Serialized files now loaded: 0)
System memory in use before: 91.3 MB.
System memory in use after: 91.3 MB.

Unloading 28 unused Assets to reduce memory usage. Loaded Objects now: 2339.
Total: 3.350500 ms (FindLiveObjects: 0.305400 ms CreateObjectMapping: 0.125200 ms MarkObjects: 2.744300 ms  DeleteObjects: 0.174100 ms)

========================================================================
Received Import Request.
  Time since last request: 672.236512 seconds.
  path: Assets/script/Bullet.cs
  artifactKey: Guid(a6104d998433a4c48af4cdd11abe0ad9) Importer(815301076,1909f56bfc062723c751e8b465ee728b)
Start importing Assets/script/Bullet.cs using Guid(a6104d998433a4c48af4cdd11abe0ad9) Importer(815301076,1909f56bfc062723c751e8b465ee728b)  -> (artifact id: '23a3db7a72c8e5347c553da6ba3d0560') in 0.011034 seconds
  Import took 0.018120 seconds .

========================================================================
Received Prepare
Registering precompiled user dll's ...
Registered in 0.051373 seconds.
Begin MonoManager ReloadAssembly
Native extension for WindowsStandalone target not found
Refreshing native plugins compatible for Editor in 0.79 ms, found 2 plugins.
Preloading 0 native plugins for Editor in 0.00 ms.
Invoked RoslynAnalysisRunner static constructor.
RoslynAnalysisRunner will not be running.
RoslynAnalysisRunner has terminated.
Mono: successfully reloaded assembly
- Completed reload, in  2.235 seconds
Platform modules already initialized, skipping
Refreshing native plugins compatible for Editor in 0.72 ms, found 2 plugins.
Preloading 0 native plugins for Editor in 0.00 ms.
Unloading 1805 Unused Serialized files (Serialized files now loaded: 0)
System memory in use before: 91.4 MB.
System memory in use after: 91.4 MB.

Unloading 28 unused Assets to reduce memory usage. Loaded Objects now: 2342.
Total: 3.304800 ms (FindLiveObjects: 0.474900 ms CreateObjectMapping: 0.218900 ms MarkObjects: 2.451500 ms  DeleteObjects: 0.158100 ms)

AssetImportWorkerClient::OnTransportError - code=2 error=End of file
