Using pre-set license
Built from '2020.2/release' branch; Version is '2020.2.2f1 (068178b99f32) revision 426360'; Using compiler version '192528614'; Build Type 'Release'
OS: 'Windows 10 Home; OS build 19042.985; Version 2009; 64bit' Language: 'ko' Physical Memory: 8048 MB
BatchMode: 1, IsHumanControllingUs: 0, StartBugReporterOnCrash: 0, Is64bit: 1, IsPro: 0

 COMMAND LINE ARGUMENTS:
C:\Program Files\Unity\Hub\Editor\2020.2.2f1\Editor\Unity.exe
-adb2
-batchMode
-noUpm
-name
AssetImportWorker0
-projectPath
C:/unity/2dgame
-logFile
Logs/AssetImportWorker0.log
-srvPort
50023
Successfully changed project path to: C:/unity/2dgame
C:/unity/2dgame
Using Asset Import Pipeline V2.
Refreshing native plugins compatible for Editor in 68.72 ms, found 2 plugins.
Preloading 0 native plugins for Editor in 0.00 ms.
Initialize engine version: 2020.2.2f1 (068178b99f32)
[Subsystems] Discovering subsystems at path C:/Program Files/Unity/Hub/Editor/2020.2.2f1/Editor/Data/Resources/UnitySubsystems
[Subsystems] Discovering subsystems at path C:/unity/2dgame/Assets
GfxDevice: creating device client; threaded=0
Direct3D:
    Version:  Direct3D 11.0 [level 11.1]
    Renderer: Intel(R) UHD Graphics 620 (ID=0x3ea0)
    Vendor:   
    VRAM:     4024 MB
    Driver:   26.20.100.7324
Initialize mono
Mono path[0] = 'C:/Program Files/Unity/Hub/Editor/2020.2.2f1/Editor/Data/Managed'
Mono path[1] = 'C:/Program Files/Unity/Hub/Editor/2020.2.2f1/Editor/Data/MonoBleedingEdge/lib/mono/unityjit'
Mono config path = 'C:/Program Files/Unity/Hub/Editor/2020.2.2f1/Editor/Data/MonoBleedingEdge/etc'
Using monoOptions --debugger-agent=transport=dt_socket,embedding=1,server=y,suspend=n,address=127.0.0.1:56412
Begin MonoManager ReloadAssembly
Registering precompiled unity dll's ...
Register platform support module: C:/Program Files/Unity/Hub/Editor/2020.2.2f1/Editor/Data/PlaybackEngines/WindowsStandaloneSupport/UnityEditor.WindowsStandalone.Extensions.dll
Registered in 0.008914 seconds.
Native extension for WindowsStandalone target not found
Refreshing native plugins compatible for Editor in 58.80 ms, found 2 plugins.
Preloading 0 native plugins for Editor in 0.00 ms.
Invoked RoslynAnalysisRunner static constructor.
RoslynAnalysisRunner will not be running.
RoslynAnalysisRunner has terminated.
Mono: successfully reloaded assembly
- Completed reload, in  5.686 seconds
Platform modules already initialized, skipping
Registering precompiled user dll's ...
Registered in 0.057226 seconds.
Begin MonoManager ReloadAssembly
Native extension for WindowsStandalone target not found
Refreshing native plugins compatible for Editor in 68.49 ms, found 2 plugins.
Preloading 0 native plugins for Editor in 0.00 ms.
Invoked RoslynAnalysisRunner static constructor.
RoslynAnalysisRunner will not be running.
RoslynAnalysisRunner has terminated.
Mono: successfully reloaded assembly
- Completed reload, in  2.189 seconds
Platform modules already initialized, skipping
========================================================================
Worker process is ready to serve import requests
Launched and connected shader compiler UnityShaderCompiler.exe after 0.15 seconds
Refreshing native plugins compatible for Editor in 0.66 ms, found 2 plugins.
Preloading 0 native plugins for Editor in 0.00 ms.
Unloading 1809 Unused Serialized files (Serialized files now loaded: 0)
System memory in use before: 87.9 MB.
System memory in use after: 87.8 MB.

Unloading 40 unused Assets to reduce memory usage. Loaded Objects now: 2319.
Total: 4.934500 ms (FindLiveObjects: 0.524600 ms CreateObjectMapping: 0.185700 ms MarkObjects: 3.935500 ms  DeleteObjects: 0.286600 ms)

========================================================================
Received Import Request.
  path: Assets/Macro/Player.asset
  artifactKey: Guid(de70240c07dd5f34383d5e4f8890617e) Importer(815301076,1909f56bfc062723c751e8b465ee728b)
Start importing Assets/Macro/Player.asset using Guid(de70240c07dd5f34383d5e4f8890617e) Importer(815301076,1909f56bfc062723c751e8b465ee728b)  -> (artifact id: '98a85eea13006a009a8320bbb554dad1') in 1.125204 seconds
  Import took 1.130167 seconds .

========================================================================
Received Import Request.
  Time since last request: 0.000460 seconds.
  path: Assets/Art/Player/Player_Jump/Anim_JUMP_06.png
  artifactKey: Guid(185a6806b586d7844b3a5f23cd3c850d) Importer(815301076,1909f56bfc062723c751e8b465ee728b)
Start importing Assets/Art/Player/Player_Jump/Anim_JUMP_06.png using Guid(185a6806b586d7844b3a5f23cd3c850d) Importer(815301076,1909f56bfc062723c751e8b465ee728b)  -> (artifact id: '473825b20e1e7b74a9b8a382ba372ae7') in 0.281629 seconds
  Import took 0.286875 seconds .

========================================================================
Received Import Request.
  Time since last request: 0.000422 seconds.
  path: Assets/Art/Player/Player_Jump/Anim_JUMP_02.png
  artifactKey: Guid(3d0d859d5f5043e489c9446d62c0e0d5) Importer(815301076,1909f56bfc062723c751e8b465ee728b)
Start importing Assets/Art/Player/Player_Jump/Anim_JUMP_02.png using Guid(3d0d859d5f5043e489c9446d62c0e0d5) Importer(815301076,1909f56bfc062723c751e8b465ee728b)  -> (artifact id: 'c1cb5feee31550d0d064b1275c797fed') in 0.034757 seconds
  Import took 0.040132 seconds .

========================================================================
Received Import Request.
  Time since last request: 0.000444 seconds.
  path: Assets/Art/Player/Player_Jump/Anim_JUMP_04.png
  artifactKey: Guid(0fc8c16498d34d24c996d4d770455361) Importer(815301076,1909f56bfc062723c751e8b465ee728b)
Start importing Assets/Art/Player/Player_Jump/Anim_JUMP_04.png using Guid(0fc8c16498d34d24c996d4d770455361) Importer(815301076,1909f56bfc062723c751e8b465ee728b)  -> (artifact id: 'adf33ed3ff13837a530309d9945f3292') in 0.032202 seconds
  Import took 0.038255 seconds .

========================================================================
Received Import Request.
  Time since last request: 0.000473 seconds.
  path: Assets/Art/Player/Player_Jump/Anim_JUMP_16.png
  artifactKey: Guid(433640d7aad89be4baa9c4e80aa467bc) Importer(815301076,1909f56bfc062723c751e8b465ee728b)
Start importing Assets/Art/Player/Player_Jump/Anim_JUMP_16.png using Guid(433640d7aad89be4baa9c4e80aa467bc) Importer(815301076,1909f56bfc062723c751e8b465ee728b)  -> (artifact id: '5abe52a4dd1d1f0576701b73de065485') in 0.032179 seconds
  Import took 0.038057 seconds .

========================================================================
Received Import Request.
  Time since last request: 0.000416 seconds.
  path: Assets/Art/Player/Player_Jump/Anim_JUMP_05.png
  artifactKey: Guid(8c69808d742c603429d52dbf1754e878) Importer(815301076,1909f56bfc062723c751e8b465ee728b)
Start importing Assets/Art/Player/Player_Jump/Anim_JUMP_05.png using Guid(8c69808d742c603429d52dbf1754e878) Importer(815301076,1909f56bfc062723c751e8b465ee728b)  -> (artifact id: 'db0ba447996174c6d7cf2b8403755209') in 0.033620 seconds
  Import took 0.040938 seconds .

========================================================================
Received Import Request.
  Time since last request: 0.000378 seconds.
  path: Assets/Art/Player/Player_Jump/Anim_JUMP_14.png
  artifactKey: Guid(c2ed9a1fb4c81d74bae30d30651756a8) Importer(815301076,1909f56bfc062723c751e8b465ee728b)
Start importing Assets/Art/Player/Player_Jump/Anim_JUMP_14.png using Guid(c2ed9a1fb4c81d74bae30d30651756a8) Importer(815301076,1909f56bfc062723c751e8b465ee728b)  -> (artifact id: '497f3893ccdc7bb0cad7e57acdbabf96') in 0.033056 seconds
  Import took 0.038911 seconds .

========================================================================
Received Import Request.
  Time since last request: 0.000294 seconds.
  path: Assets/Art/Player/Player_Jump/Anim_JUMP_18.png
  artifactKey: Guid(2ae7b6649365e684fb93a0160b876ef1) Importer(815301076,1909f56bfc062723c751e8b465ee728b)
Start importing Assets/Art/Player/Player_Jump/Anim_JUMP_18.png using Guid(2ae7b6649365e684fb93a0160b876ef1) Importer(815301076,1909f56bfc062723c751e8b465ee728b)  -> (artifact id: '3d721f3e4a675feff7b9b14161b334cc') in 0.032637 seconds
  Import took 0.040766 seconds .

========================================================================
Received Import Request.
  Time since last request: 0.000310 seconds.
  path: Assets/Art/Player/Player_Jump/Anim_JUMP_08.png
  artifactKey: Guid(4d6050d900ee1a948b63c5ffc2b507eb) Importer(815301076,1909f56bfc062723c751e8b465ee728b)
Start importing Assets/Art/Player/Player_Jump/Anim_JUMP_08.png using Guid(4d6050d900ee1a948b63c5ffc2b507eb) Importer(815301076,1909f56bfc062723c751e8b465ee728b)  -> (artifact id: 'f57c1a8058a562ff58b575379f1952dc') in 0.032866 seconds
  Import took 0.038610 seconds .

========================================================================
Received Import Request.
  Time since last request: 0.001029 seconds.
  path: Assets/Art/Player/Player_Jump/Anim_JUMP_01.png
  artifactKey: Guid(06beff27b440f47458221645bbea1328) Importer(815301076,1909f56bfc062723c751e8b465ee728b)
Start importing Assets/Art/Player/Player_Jump/Anim_JUMP_01.png using Guid(06beff27b440f47458221645bbea1328) Importer(815301076,1909f56bfc062723c751e8b465ee728b)  -> (artifact id: '71cd4cb7249e01d9286ced5d95208488') in 0.033939 seconds
  Import took 0.042322 seconds .

========================================================================
Received Import Request.
  Time since last request: 0.000379 seconds.
  path: Assets/Art/Player/Player_Jump/Anim_JUMP_15.png
  artifactKey: Guid(d27206bcc785aba45a1eb0191aefd17d) Importer(815301076,1909f56bfc062723c751e8b465ee728b)
Start importing Assets/Art/Player/Player_Jump/Anim_JUMP_15.png using Guid(d27206bcc785aba45a1eb0191aefd17d) Importer(815301076,1909f56bfc062723c751e8b465ee728b)  -> (artifact id: 'a55201ab22062c7f029dc9359c804581') in 0.031257 seconds
  Import took 0.037868 seconds .

========================================================================
Received Import Request.
  Time since last request: 0.000353 seconds.
  path: Assets/Art/Player/Player_Jump/Anim_JUMP_03.png
  artifactKey: Guid(f0c556a83d8ba444887d631f3dc5f281) Importer(815301076,1909f56bfc062723c751e8b465ee728b)
Start importing Assets/Art/Player/Player_Jump/Anim_JUMP_03.png using Guid(f0c556a83d8ba444887d631f3dc5f281) Importer(815301076,1909f56bfc062723c751e8b465ee728b)  -> (artifact id: '351f0d1a8a50b43714ae555244c519e0') in 0.028500 seconds
  Import took 0.033814 seconds .

========================================================================
Received Import Request.
  Time since last request: 0.000331 seconds.
  path: Assets/Art/Player/Player_Jump/Anim_JUMP_07.png
  artifactKey: Guid(47f35f055641d43418b3d063345ebb40) Importer(815301076,1909f56bfc062723c751e8b465ee728b)
Start importing Assets/Art/Player/Player_Jump/Anim_JUMP_07.png using Guid(47f35f055641d43418b3d063345ebb40) Importer(815301076,1909f56bfc062723c751e8b465ee728b)  -> (artifact id: '96ccbdd922514b1132352452aa3d66f8') in 0.034306 seconds
  Import took 0.040854 seconds .

========================================================================
Received Import Request.
  Time since last request: 0.000528 seconds.
  path: Assets/Art/Player/Player_Jump/Anim_JUMP_03.png
  artifactKey: Guid(f0c556a83d8ba444887d631f3dc5f281) Importer(815301076,1909f56bfc062723c751e8b465ee728b)
Start importing Assets/Art/Player/Player_Jump/Anim_JUMP_03.png using Guid(f0c556a83d8ba444887d631f3dc5f281) Importer(815301076,1909f56bfc062723c751e8b465ee728b)  -> (artifact id: '351f0d1a8a50b43714ae555244c519e0') in 0.035054 seconds
  Import took 0.041518 seconds .

========================================================================
Received Import Request.
  Time since last request: 0.000419 seconds.
  path: Assets/Art/Player/Player_Jump/Anim_JUMP_12.png
  artifactKey: Guid(a0e8ac230236a8b4f918217c3ac2eb0e) Importer(815301076,1909f56bfc062723c751e8b465ee728b)
Start importing Assets/Art/Player/Player_Jump/Anim_JUMP_12.png using Guid(a0e8ac230236a8b4f918217c3ac2eb0e) Importer(815301076,1909f56bfc062723c751e8b465ee728b)  -> (artifact id: 'a365e563fad7cbc9ba9a91c7c54c9be5') in 0.033291 seconds
  Import took 0.039222 seconds .

========================================================================
Received Import Request.
  Time since last request: 0.000510 seconds.
  path: Assets/Art/Player/Player_Jump/Anim_JUMP_09.png
  artifactKey: Guid(d5c1a8a544cdd1047becd80ecad544be) Importer(815301076,1909f56bfc062723c751e8b465ee728b)
Start importing Assets/Art/Player/Player_Jump/Anim_JUMP_09.png using Guid(d5c1a8a544cdd1047becd80ecad544be) Importer(815301076,1909f56bfc062723c751e8b465ee728b)  -> (artifact id: '80885404bacced7e62efce084d8d28ea') in 0.032416 seconds
  Import took 0.038524 seconds .

========================================================================
Received Import Request.
  Time since last request: 0.000350 seconds.
  path: Assets/Art/Player/Player_Jump/Anim_JUMP_19.png
  artifactKey: Guid(d8973e7c2c9987340b2a26496812659f) Importer(815301076,1909f56bfc062723c751e8b465ee728b)
Start importing Assets/Art/Player/Player_Jump/Anim_JUMP_19.png using Guid(d8973e7c2c9987340b2a26496812659f) Importer(815301076,1909f56bfc062723c751e8b465ee728b)  -> (artifact id: '2412bc0d48487485fd25bd8f0b03cabe') in 0.036969 seconds
  Import took 0.042950 seconds .

========================================================================
Received Import Request.
  Time since last request: 0.000356 seconds.
  path: Assets/Art/Player/Player_Jump/Anim_JUMP_17.png
  artifactKey: Guid(b44cebbc4226a9440a9749f37d483f21) Importer(815301076,1909f56bfc062723c751e8b465ee728b)
Start importing Assets/Art/Player/Player_Jump/Anim_JUMP_17.png using Guid(b44cebbc4226a9440a9749f37d483f21) Importer(815301076,1909f56bfc062723c751e8b465ee728b)  -> (artifact id: '5b493b371ce8ce5262df50fcdb89b8f1') in 0.036923 seconds
  Import took 0.042855 seconds .

========================================================================
Received Import Request.
  Time since last request: 0.000404 seconds.
  path: Assets/Art/Player/Player_Jump/Anim_JUMP_10.png
  artifactKey: Guid(2a1f0f7c0e5a8d14798cfa6c91c0c794) Importer(815301076,1909f56bfc062723c751e8b465ee728b)
Start importing Assets/Art/Player/Player_Jump/Anim_JUMP_10.png using Guid(2a1f0f7c0e5a8d14798cfa6c91c0c794) Importer(815301076,1909f56bfc062723c751e8b465ee728b)  -> (artifact id: 'eaf4ea922b9d104cd146f73527889709') in 0.037662 seconds
  Import took 0.045175 seconds .

========================================================================
Received Import Request.
  Time since last request: 0.000400 seconds.
  path: Assets/Art/Player/Player_Jump/Anim_JUMP_11.png
  artifactKey: Guid(bbc9dffe54991c74fb89c473262e905b) Importer(815301076,1909f56bfc062723c751e8b465ee728b)
Start importing Assets/Art/Player/Player_Jump/Anim_JUMP_11.png using Guid(bbc9dffe54991c74fb89c473262e905b) Importer(815301076,1909f56bfc062723c751e8b465ee728b)  -> (artifact id: '43e979dc729b273fb74fa0eb265d3585') in 0.036930 seconds
  Import took 0.043037 seconds .

========================================================================
Received Import Request.
  Time since last request: 0.000429 seconds.
  path: Assets/Art/Player/Player_Jump/Anim_JUMP_13.png
  artifactKey: Guid(daefdc90f9684574c92790be66b09e74) Importer(815301076,1909f56bfc062723c751e8b465ee728b)
Start importing Assets/Art/Player/Player_Jump/Anim_JUMP_13.png using Guid(daefdc90f9684574c92790be66b09e74) Importer(815301076,1909f56bfc062723c751e8b465ee728b)  -> (artifact id: '96b65f39a5219e416c93cbaf324acc8e') in 0.033788 seconds
  Import took 0.040176 seconds .

========================================================================
Received Import Request.
  Time since last request: 0.000383 seconds.
  path: Assets/Art/Player/Bullet.png
  artifactKey: Guid(79ca51d0116467b4f83b461644ab843b) Importer(815301076,1909f56bfc062723c751e8b465ee728b)
Start importing Assets/Art/Player/Bullet.png using Guid(79ca51d0116467b4f83b461644ab843b) Importer(815301076,1909f56bfc062723c751e8b465ee728b)  -> (artifact id: 'c42a25046b05bda37ee7ccde6f545586') in 0.033140 seconds
  Import took 0.040078 seconds .

========================================================================
Received Import Request.
  Time since last request: 0.000503 seconds.
  path: Assets/Art/Player/Player_Walk
  artifactKey: Guid(cd88099c140818f459ad7ac9a8a413ca) Importer(815301076,1909f56bfc062723c751e8b465ee728b)
Start importing Assets/Art/Player/Player_Walk using Guid(cd88099c140818f459ad7ac9a8a413ca) Importer(815301076,1909f56bfc062723c751e8b465ee728b)  -> (artifact id: '597e9c3491b3dd53515a642026b431e5') in 0.011521 seconds
  Import took 0.019853 seconds .

========================================================================
Received Import Request.
  Time since last request: 37.161255 seconds.
  path: Assets/Ani/Anim_JUMP_01.controller
  artifactKey: Guid(26738124d19f3f04cb22a6a8cd53c903) Importer(815301076,1909f56bfc062723c751e8b465ee728b)
Start importing Assets/Ani/Anim_JUMP_01.controller using Guid(26738124d19f3f04cb22a6a8cd53c903) Importer(815301076,1909f56bfc062723c751e8b465ee728b)  -> (artifact id: '575c9ae490b0bf17f0e4be2a269284cb') in 0.022341 seconds
  Import took 0.028116 seconds .

========================================================================
Received Prepare
Registering precompiled user dll's ...
Registered in 0.084986 seconds.
Begin MonoManager ReloadAssembly
Native extension for WindowsStandalone target not found
Refreshing native plugins compatible for Editor in 1.06 ms, found 2 plugins.
Preloading 0 native plugins for Editor in 0.00 ms.
Invoked RoslynAnalysisRunner static constructor.
RoslynAnalysisRunner will not be running.
RoslynAnalysisRunner has terminated.
Mono: successfully reloaded assembly
- Completed reload, in  2.938 seconds
Platform modules already initialized, skipping
Refreshing native plugins compatible for Editor in 3.20 ms, found 2 plugins.
Preloading 0 native plugins for Editor in 0.00 ms.
Unloading 1804 Unused Serialized files (Serialized files now loaded: 0)
System memory in use before: 91.0 MB.
System memory in use after: 91.0 MB.

Unloading 28 unused Assets to reduce memory usage. Loaded Objects now: 2330.
Total: 4.303200 ms (FindLiveObjects: 0.464100 ms CreateObjectMapping: 0.199900 ms MarkObjects: 3.429200 ms  DeleteObjects: 0.206300 ms)

========================================================================
Received Prepare
Registering precompiled user dll's ...
Registered in 0.083103 seconds.
Begin MonoManager ReloadAssembly
Native extension for WindowsStandalone target not found
Refreshing native plugins compatible for Editor in 0.92 ms, found 2 plugins.
Preloading 0 native plugins for Editor in 0.00 ms.
Invoked RoslynAnalysisRunner static constructor.
RoslynAnalysisRunner will not be running.
RoslynAnalysisRunner has terminated.
Mono: successfully reloaded assembly
- Completed reload, in  2.041 seconds
Platform modules already initialized, skipping
Refreshing native plugins compatible for Editor in 0.82 ms, found 2 plugins.
Preloading 0 native plugins for Editor in 0.00 ms.
Unloading 1804 Unused Serialized files (Serialized files now loaded: 0)
System memory in use before: 91.1 MB.
System memory in use after: 91.1 MB.

Unloading 28 unused Assets to reduce memory usage. Loaded Objects now: 2333.
Total: 3.918000 ms (FindLiveObjects: 0.320300 ms CreateObjectMapping: 0.167900 ms MarkObjects: 3.261400 ms  DeleteObjects: 0.166500 ms)

========================================================================
Received Prepare
Registering precompiled user dll's ...
Registered in 0.127352 seconds.
Begin MonoManager ReloadAssembly
Native extension for WindowsStandalone target not found
Refreshing native plugins compatible for Editor in 0.82 ms, found 2 plugins.
Preloading 0 native plugins for Editor in 0.00 ms.
Invoked RoslynAnalysisRunner static constructor.
RoslynAnalysisRunner will not be running.
RoslynAnalysisRunner has terminated.
Mono: successfully reloaded assembly
- Completed reload, in  2.937 seconds
Platform modules already initialized, skipping
Refreshing native plugins compatible for Editor in 3.08 ms, found 2 plugins.
Preloading 0 native plugins for Editor in 0.00 ms.
Unloading 1804 Unused Serialized files (Serialized files now loaded: 0)
System memory in use before: 91.2 MB.
System memory in use after: 91.2 MB.

Unloading 28 unused Assets to reduce memory usage. Loaded Objects now: 2336.
Total: 7.194000 ms (FindLiveObjects: 0.691000 ms CreateObjectMapping: 0.342200 ms MarkObjects: 5.949600 ms  DeleteObjects: 0.208100 ms)

========================================================================
Received Import Request.
  Time since last request: 1639.945778 seconds.
  path: Assets/Ani/Player.controller
  artifactKey: Guid(fb5d210a627793c42b890eaa3ed6a926) Importer(815301076,1909f56bfc062723c751e8b465ee728b)
Start importing Assets/Ani/Player.controller using Guid(fb5d210a627793c42b890eaa3ed6a926) Importer(815301076,1909f56bfc062723c751e8b465ee728b)  -> (artifact id: 'f7bd5686748919182d9a680d3249eade') in 0.036167 seconds
  Import took 0.043306 seconds .

========================================================================
Received Import Request.
  Time since last request: 0.002396 seconds.
  path: Assets/Ani/Player.controller
  artifactKey: Guid(fb5d210a627793c42b890eaa3ed6a926) Importer(815301076,1909f56bfc062723c751e8b465ee728b)
Start importing Assets/Ani/Player.controller using Guid(fb5d210a627793c42b890eaa3ed6a926) Importer(815301076,1909f56bfc062723c751e8b465ee728b)  -> (artifact id: 'f7bd5686748919182d9a680d3249eade') in 0.017254 seconds
  Import took 0.024495 seconds .

========================================================================
Received Prepare
Registering precompiled user dll's ...
Registered in 0.053534 seconds.
Begin MonoManager ReloadAssembly
Native extension for WindowsStandalone target not found
Refreshing native plugins compatible for Editor in 1.02 ms, found 2 plugins.
Preloading 0 native plugins for Editor in 0.00 ms.
Invoked RoslynAnalysisRunner static constructor.
RoslynAnalysisRunner will not be running.
RoslynAnalysisRunner has terminated.
Mono: successfully reloaded assembly
- Completed reload, in  2.752 seconds
Platform modules already initialized, skipping
Refreshing native plugins compatible for Editor in 0.69 ms, found 2 plugins.
Preloading 0 native plugins for Editor in 0.00 ms.
Unloading 1804 Unused Serialized files (Serialized files now loaded: 0)
System memory in use before: 91.3 MB.
System memory in use after: 91.3 MB.

Unloading 28 unused Assets to reduce memory usage. Loaded Objects now: 2339.
Total: 3.854200 ms (FindLiveObjects: 0.370800 ms CreateObjectMapping: 0.165100 ms MarkObjects: 3.134400 ms  DeleteObjects: 0.179500 ms)

========================================================================
Received Prepare
Registering precompiled user dll's ...
Registered in 0.087751 seconds.
Begin MonoManager ReloadAssembly
Native extension for WindowsStandalone target not found
Refreshing native plugins compatible for Editor in 1.72 ms, found 2 plugins.
Preloading 0 native plugins for Editor in 0.00 ms.
Invoked RoslynAnalysisRunner static constructor.
RoslynAnalysisRunner will not be running.
RoslynAnalysisRunner has terminated.
Mono: successfully reloaded assembly
- Completed reload, in  3.188 seconds
Platform modules already initialized, skipping
Refreshing native plugins compatible for Editor in 1.19 ms, found 2 plugins.
Preloading 0 native plugins for Editor in 0.00 ms.
Unloading 1804 Unused Serialized files (Serialized files now loaded: 0)
System memory in use before: 91.4 MB.
System memory in use after: 91.4 MB.

Unloading 28 unused Assets to reduce memory usage. Loaded Objects now: 2342.
Total: 7.571400 ms (FindLiveObjects: 1.174200 ms CreateObjectMapping: 0.469900 ms MarkObjects: 5.702400 ms  DeleteObjects: 0.220300 ms)

========================================================================
Received Import Request.
  Time since last request: 453.567814 seconds.
  path: Assets/Ani/Player Jump.anim
  artifactKey: Guid(30f6a95710911e84091bc1638ac66599) Importer(815301076,1909f56bfc062723c751e8b465ee728b)
Start importing Assets/Ani/Player Jump.anim using Guid(30f6a95710911e84091bc1638ac66599) Importer(815301076,1909f56bfc062723c751e8b465ee728b)  -> (artifact id: '2b89820e55f44faec9b9aa58f3e718c7') in 0.061121 seconds
  Import took 0.068816 seconds .

========================================================================
Received Prepare
Registering precompiled user dll's ...
Registered in 0.044539 seconds.
Begin MonoManager ReloadAssembly
Native extension for WindowsStandalone target not found
Refreshing native plugins compatible for Editor in 0.77 ms, found 2 plugins.
Preloading 0 native plugins for Editor in 0.00 ms.
Invoked RoslynAnalysisRunner static constructor.
RoslynAnalysisRunner will not be running.
RoslynAnalysisRunner has terminated.
Mono: successfully reloaded assembly
- Completed reload, in  2.201 seconds
Platform modules already initialized, skipping
Refreshing native plugins compatible for Editor in 0.88 ms, found 2 plugins.
Preloading 0 native plugins for Editor in 0.00 ms.
Unloading 1804 Unused Serialized files (Serialized files now loaded: 0)
System memory in use before: 91.4 MB.
System memory in use after: 91.4 MB.

Unloading 28 unused Assets to reduce memory usage. Loaded Objects now: 2345.
Total: 7.059500 ms (FindLiveObjects: 0.714600 ms CreateObjectMapping: 0.281200 ms MarkObjects: 5.792100 ms  DeleteObjects: 0.266100 ms)

========================================================================
Received Import Request.
  Time since last request: 547.022355 seconds.
  path: ProjectSettings/TagManager.asset
  artifactKey: Guid(00000000000000003000000000000000) Importer(815301076,1909f56bfc062723c751e8b465ee728b)
Start importing ProjectSettings/TagManager.asset using Guid(00000000000000003000000000000000) Importer(815301076,1909f56bfc062723c751e8b465ee728b)  -> (artifact id: 'e8c3ab6b558fa7fe7c42e9a55a892947') in 0.045370 seconds
  Import took 0.053383 seconds .

========================================================================
Received Prepare
Registering precompiled user dll's ...
Registered in 0.096329 seconds.
Begin MonoManager ReloadAssembly
Native extension for WindowsStandalone target not found
Refreshing native plugins compatible for Editor in 1.51 ms, found 2 plugins.
Preloading 0 native plugins for Editor in 0.00 ms.
Invoked RoslynAnalysisRunner static constructor.
RoslynAnalysisRunner will not be running.
RoslynAnalysisRunner has terminated.
Mono: successfully reloaded assembly
- Completed reload, in  5.279 seconds
Platform modules already initialized, skipping
Refreshing native plugins compatible for Editor in 1.10 ms, found 2 plugins.
Preloading 0 native plugins for Editor in 0.00 ms.
Unloading 1804 Unused Serialized files (Serialized files now loaded: 0)
System memory in use before: 91.5 MB.
System memory in use after: 91.5 MB.

Unloading 29 unused Assets to reduce memory usage. Loaded Objects now: 2348.
Total: 6.814200 ms (FindLiveObjects: 0.717000 ms CreateObjectMapping: 0.392100 ms MarkObjects: 5.381300 ms  DeleteObjects: 0.319200 ms)

========================================================================
Received Prepare
Registering precompiled user dll's ...
Registered in 0.093946 seconds.
Begin MonoManager ReloadAssembly
Native extension for WindowsStandalone target not found
Refreshing native plugins compatible for Editor in 0.90 ms, found 2 plugins.
Preloading 0 native plugins for Editor in 0.00 ms.
Invoked RoslynAnalysisRunner static constructor.
RoslynAnalysisRunner will not be running.
RoslynAnalysisRunner has terminated.
Mono: successfully reloaded assembly
- Completed reload, in  3.345 seconds
Platform modules already initialized, skipping
Refreshing native plugins compatible for Editor in 1.39 ms, found 2 plugins.
Preloading 0 native plugins for Editor in 0.00 ms.
Unloading 1804 Unused Serialized files (Serialized files now loaded: 0)
System memory in use before: 91.6 MB.
System memory in use after: 91.6 MB.

Unloading 28 unused Assets to reduce memory usage. Loaded Objects now: 2351.
Total: 7.525300 ms (FindLiveObjects: 0.401600 ms CreateObjectMapping: 0.185400 ms MarkObjects: 6.690700 ms  DeleteObjects: 0.243100 ms)

========================================================================
Received Prepare
Registering precompiled user dll's ...
Registered in 0.061567 seconds.
Begin MonoManager ReloadAssembly
Native extension for WindowsStandalone target not found
Refreshing native plugins compatible for Editor in 1.44 ms, found 2 plugins.
Preloading 0 native plugins for Editor in 0.00 ms.
Invoked RoslynAnalysisRunner static constructor.
RoslynAnalysisRunner will not be running.
RoslynAnalysisRunner has terminated.
Mono: successfully reloaded assembly
- Completed reload, in  6.899 seconds
Platform modules already initialized, skipping
Refreshing native plugins compatible for Editor in 1.90 ms, found 2 plugins.
Preloading 0 native plugins for Editor in 0.00 ms.
Unloading 1804 Unused Serialized files (Serialized files now loaded: 0)
System memory in use before: 91.7 MB.
System memory in use after: 91.7 MB.

Unloading 28 unused Assets to reduce memory usage. Loaded Objects now: 2354.
Total: 16.187600 ms (FindLiveObjects: 0.946900 ms CreateObjectMapping: 0.595500 ms MarkObjects: 13.291000 ms  DeleteObjects: 1.348900 ms)

========================================================================
Received Prepare
Registering precompiled user dll's ...
Registered in 0.131869 seconds.
Begin MonoManager ReloadAssembly
Native extension for WindowsStandalone target not found
Refreshing native plugins compatible for Editor in 1.27 ms, found 2 plugins.
Preloading 0 native plugins for Editor in 0.00 ms.
Invoked RoslynAnalysisRunner static constructor.
RoslynAnalysisRunner will not be running.
RoslynAnalysisRunner has terminated.
Mono: successfully reloaded assembly
- Completed reload, in  2.478 seconds
Platform modules already initialized, skipping
Refreshing native plugins compatible for Editor in 0.75 ms, found 2 plugins.
Preloading 0 native plugins for Editor in 0.00 ms.
Unloading 1804 Unused Serialized files (Serialized files now loaded: 0)
System memory in use before: 91.7 MB.
System memory in use after: 91.7 MB.

Unloading 28 unused Assets to reduce memory usage. Loaded Objects now: 2357.
Total: 3.778400 ms (FindLiveObjects: 0.317800 ms CreateObjectMapping: 0.129400 ms MarkObjects: 3.151100 ms  DeleteObjects: 0.177900 ms)

========================================================================
Received Prepare
Registering precompiled user dll's ...
Registered in 0.066823 seconds.
Begin MonoManager ReloadAssembly
Native extension for WindowsStandalone target not found
Refreshing native plugins compatible for Editor in 1.18 ms, found 2 plugins.
Preloading 0 native plugins for Editor in 0.00 ms.
Invoked RoslynAnalysisRunner static constructor.
RoslynAnalysisRunner will not be running.
RoslynAnalysisRunner has terminated.
Mono: successfully reloaded assembly
- Completed reload, in  1.950 seconds
Platform modules already initialized, skipping
Refreshing native plugins compatible for Editor in 0.68 ms, found 2 plugins.
Preloading 0 native plugins for Editor in 0.00 ms.
Unloading 1804 Unused Serialized files (Serialized files now loaded: 0)
System memory in use before: 91.8 MB.
System memory in use after: 91.8 MB.

Unloading 28 unused Assets to reduce memory usage. Loaded Objects now: 2360.
Total: 7.984400 ms (FindLiveObjects: 0.912400 ms CreateObjectMapping: 0.351100 ms MarkObjects: 6.261600 ms  DeleteObjects: 0.453800 ms)

========================================================================
Received Prepare
Registering precompiled user dll's ...
Registered in 0.229129 seconds.
Begin MonoManager ReloadAssembly
Native extension for WindowsStandalone target not found
Refreshing native plugins compatible for Editor in 1.30 ms, found 2 plugins.
Preloading 0 native plugins for Editor in 0.00 ms.
Invoked RoslynAnalysisRunner static constructor.
RoslynAnalysisRunner will not be running.
RoslynAnalysisRunner has terminated.
Mono: successfully reloaded assembly
- Completed reload, in  3.245 seconds
Platform modules already initialized, skipping
Refreshing native plugins compatible for Editor in 0.89 ms, found 2 plugins.
Preloading 0 native plugins for Editor in 0.00 ms.
Unloading 1804 Unused Serialized files (Serialized files now loaded: 0)
System memory in use before: 91.9 MB.
System memory in use after: 91.9 MB.

Unloading 28 unused Assets to reduce memory usage. Loaded Objects now: 2363.
Total: 6.284900 ms (FindLiveObjects: 0.542700 ms CreateObjectMapping: 0.253600 ms MarkObjects: 5.240100 ms  DeleteObjects: 0.245000 ms)

========================================================================
Received Prepare
Registering precompiled user dll's ...
Registered in 0.082018 seconds.
Begin MonoManager ReloadAssembly
Native extension for WindowsStandalone target not found
Refreshing native plugins compatible for Editor in 0.82 ms, found 2 plugins.
Preloading 0 native plugins for Editor in 0.00 ms.
Invoked RoslynAnalysisRunner static constructor.
RoslynAnalysisRunner will not be running.
RoslynAnalysisRunner has terminated.
Mono: successfully reloaded assembly
- Completed reload, in  2.959 seconds
Platform modules already initialized, skipping
Refreshing native plugins compatible for Editor in 1.06 ms, found 2 plugins.
Preloading 0 native plugins for Editor in 0.00 ms.
Unloading 1804 Unused Serialized files (Serialized files now loaded: 0)
System memory in use before: 91.9 MB.
System memory in use after: 91.9 MB.

Unloading 28 unused Assets to reduce memory usage. Loaded Objects now: 2366.
Total: 4.075000 ms (FindLiveObjects: 0.482600 ms CreateObjectMapping: 0.248400 ms MarkObjects: 3.068500 ms  DeleteObjects: 0.273100 ms)

========================================================================
Received Import Request.
  Time since last request: 2502.479274 seconds.
  path: Assets/Prefab
  artifactKey: Guid(7daf31f4ed88e90489a027026561c575) Importer(815301076,1909f56bfc062723c751e8b465ee728b)
Start importing Assets/Prefab using Guid(7daf31f4ed88e90489a027026561c575) Importer(815301076,1909f56bfc062723c751e8b465ee728b)  -> (artifact id: 'b90bf65c82cbb9d4263dbda87b2d8467') in 0.013373 seconds
  Import took 0.018540 seconds .

========================================================================
Received Import Request.
  Time since last request: 117.906938 seconds.
  path: Assets/Macro/Player.asset
  artifactKey: Guid(de70240c07dd5f34383d5e4f8890617e) Importer(815301076,1909f56bfc062723c751e8b465ee728b)
Start importing Assets/Macro/Player.asset using Guid(de70240c07dd5f34383d5e4f8890617e) Importer(815301076,1909f56bfc062723c751e8b465ee728b)  -> (artifact id: '551b760c48335fabf15b427c92e59724') in 0.910049 seconds
  Import took 0.915116 seconds .

========================================================================
Received Import Request.
  Time since last request: 28.235034 seconds.
  path: Assets/Art/Bullet.png
  artifactKey: Guid(6fb6fd7d0da9f314aa7ea88919542c11) Importer(815301076,1909f56bfc062723c751e8b465ee728b)
Start importing Assets/Art/Bullet.png using Guid(6fb6fd7d0da9f314aa7ea88919542c11) Importer(815301076,1909f56bfc062723c751e8b465ee728b)  -> (artifact id: 'e0bd4977579b6f9ddb033e59deaa9546') in 0.076632 seconds
  Import took 0.083505 seconds .

========================================================================
Received Import Request.
  Time since last request: 6.220844 seconds.
  path: Assets/Prefab/Bullet.prefab
  artifactKey: Guid(4017ab9257df8a54c9780fa8c9c6ed54) Importer(815301076,1909f56bfc062723c751e8b465ee728b)
Start importing Assets/Prefab/Bullet.prefab using Guid(4017ab9257df8a54c9780fa8c9c6ed54) Importer(815301076,1909f56bfc062723c751e8b465ee728b)  -> (artifact id: '67701a245e901beea72796706dded1fa') in 0.142787 seconds
  Import took 0.151784 seconds .

========================================================================
Received Import Request.
  Time since last request: 54.152998 seconds.
  path: Assets/Ludiq/Bolt.Core/Generated/Variables/Resources/ApplicationVariables.asset
  artifactKey: Guid(547aed6a73201c64391411502f4afcaf) Importer(815301076,1909f56bfc062723c751e8b465ee728b)
Start importing Assets/Ludiq/Bolt.Core/Generated/Variables/Resources/ApplicationVariables.asset using Guid(547aed6a73201c64391411502f4afcaf) Importer(815301076,1909f56bfc062723c751e8b465ee728b)  -> (artifact id: 'e57990e75b52878f60de9d8aeb65d0e5') in 0.015958 seconds
  Import took 0.025622 seconds .

========================================================================
Received Import Request.
  Time since last request: 0.000702 seconds.
  path: Assets/Ludiq/Bolt.Core/IconMap/Bolt.AnimatorMessageListener.png
  artifactKey: Guid(21763ada12b1de54a9de03382ecdf3fe) Importer(815301076,1909f56bfc062723c751e8b465ee728b)
Start importing Assets/Ludiq/Bolt.Core/IconMap/Bolt.AnimatorMessageListener.png using Guid(21763ada12b1de54a9de03382ecdf3fe) Importer(815301076,1909f56bfc062723c751e8b465ee728b)  -> (artifact id: 'eba5d37e8b8c6cbfbc5cd4a784df778a') in 0.027832 seconds
  Import took 0.038981 seconds .

========================================================================
Received Import Request.
  Time since last request: 659.823238 seconds.
  path: Assets/Prefab/Bullet.prefab
  artifactKey: Guid(4017ab9257df8a54c9780fa8c9c6ed54) Importer(815301076,1909f56bfc062723c751e8b465ee728b)
Start importing Assets/Prefab/Bullet.prefab using Guid(4017ab9257df8a54c9780fa8c9c6ed54) Importer(815301076,1909f56bfc062723c751e8b465ee728b)  -> (artifact id: '8e8f938928570b7c1e59f7d2e414d42a') in 0.081255 seconds
  Import took 0.088542 seconds .

========================================================================
Received Prepare
Registering precompiled user dll's ...
Registered in 0.050956 seconds.
Begin MonoManager ReloadAssembly
Native extension for WindowsStandalone target not found
Refreshing native plugins compatible for Editor in 0.61 ms, found 2 plugins.
Preloading 0 native plugins for Editor in 0.00 ms.
Invoked RoslynAnalysisRunner static constructor.
RoslynAnalysisRunner will not be running.
RoslynAnalysisRunner has terminated.
Mono: successfully reloaded assembly
- Completed reload, in  1.848 seconds
Platform modules already initialized, skipping
Refreshing native plugins compatible for Editor in 0.75 ms, found 2 plugins.
Preloading 0 native plugins for Editor in 0.00 ms.
Unloading 1804 Unused Serialized files (Serialized files now loaded: 0)
System memory in use before: 92.1 MB.
System memory in use after: 92.1 MB.

Unloading 28 unused Assets to reduce memory usage. Loaded Objects now: 2375.
Total: 3.729300 ms (FindLiveObjects: 0.271000 ms CreateObjectMapping: 0.118700 ms MarkObjects: 3.120500 ms  DeleteObjects: 0.216600 ms)

========================================================================
Received Prepare
Registering precompiled user dll's ...
Registered in 0.074507 seconds.
Begin MonoManager ReloadAssembly
Native extension for WindowsStandalone target not found
Refreshing native plugins compatible for Editor in 0.99 ms, found 2 plugins.
Preloading 0 native plugins for Editor in 0.00 ms.
Invoked RoslynAnalysisRunner static constructor.
RoslynAnalysisRunner will not be running.
RoslynAnalysisRunner has terminated.
Mono: successfully reloaded assembly
- Completed reload, in  2.098 seconds
Platform modules already initialized, skipping
Refreshing native plugins compatible for Editor in 0.72 ms, found 2 plugins.
Preloading 0 native plugins for Editor in 0.00 ms.
Unloading 1804 Unused Serialized files (Serialized files now loaded: 0)
System memory in use before: 92.1 MB.
System memory in use after: 92.1 MB.

Unloading 28 unused Assets to reduce memory usage. Loaded Objects now: 2378.
Total: 3.359000 ms (FindLiveObjects: 0.420000 ms CreateObjectMapping: 0.132900 ms MarkObjects: 2.610600 ms  DeleteObjects: 0.193100 ms)

========================================================================
Received Prepare
Registering precompiled user dll's ...
Registered in 0.095212 seconds.
Begin MonoManager ReloadAssembly
Native extension for WindowsStandalone target not found
Refreshing native plugins compatible for Editor in 1.53 ms, found 2 plugins.
Preloading 0 native plugins for Editor in 0.00 ms.
Invoked RoslynAnalysisRunner static constructor.
RoslynAnalysisRunner will not be running.
RoslynAnalysisRunner has terminated.
Mono: successfully reloaded assembly
- Completed reload, in  3.769 seconds
Platform modules already initialized, skipping
Refreshing native plugins compatible for Editor in 1.21 ms, found 2 plugins.
Preloading 0 native plugins for Editor in 0.00 ms.
Unloading 1804 Unused Serialized files (Serialized files now loaded: 0)
System memory in use before: 92.2 MB.
System memory in use after: 92.2 MB.

Unloading 28 unused Assets to reduce memory usage. Loaded Objects now: 2381.
Total: 6.578100 ms (FindLiveObjects: 0.599900 ms CreateObjectMapping: 0.279400 ms MarkObjects: 5.253300 ms  DeleteObjects: 0.441100 ms)

========================================================================
Received Prepare
Registering precompiled user dll's ...
Registered in 0.080968 seconds.
Begin MonoManager ReloadAssembly
Native extension for WindowsStandalone target not found
Refreshing native plugins compatible for Editor in 0.80 ms, found 2 plugins.
Preloading 0 native plugins for Editor in 0.00 ms.
Invoked RoslynAnalysisRunner static constructor.
RoslynAnalysisRunner will not be running.
RoslynAnalysisRunner has terminated.
Mono: successfully reloaded assembly
- Completed reload, in  2.706 seconds
Platform modules already initialized, skipping
Refreshing native plugins compatible for Editor in 0.87 ms, found 2 plugins.
Preloading 0 native plugins for Editor in 0.00 ms.
Unloading 1804 Unused Serialized files (Serialized files now loaded: 0)
System memory in use before: 92.3 MB.
System memory in use after: 92.3 MB.

Unloading 28 unused Assets to reduce memory usage. Loaded Objects now: 2384.
Total: 4.273300 ms (FindLiveObjects: 0.379600 ms CreateObjectMapping: 0.251000 ms MarkObjects: 3.441700 ms  DeleteObjects: 0.197900 ms)

========================================================================
Received Prepare
Registering precompiled user dll's ...
Registered in 0.103424 seconds.
Begin MonoManager ReloadAssembly
Native extension for WindowsStandalone target not found
Refreshing native plugins compatible for Editor in 1.20 ms, found 2 plugins.
Preloading 0 native plugins for Editor in 0.00 ms.
Invoked RoslynAnalysisRunner static constructor.
RoslynAnalysisRunner will not be running.
RoslynAnalysisRunner has terminated.
Mono: successfully reloaded assembly
- Completed reload, in  4.043 seconds
Platform modules already initialized, skipping
Refreshing native plugins compatible for Editor in 1.78 ms, found 2 plugins.
Preloading 0 native plugins for Editor in 0.00 ms.
Unloading 1804 Unused Serialized files (Serialized files now loaded: 0)
System memory in use before: 92.3 MB.
System memory in use after: 92.3 MB.

Unloading 28 unused Assets to reduce memory usage. Loaded Objects now: 2387.
Total: 7.929200 ms (FindLiveObjects: 1.378200 ms CreateObjectMapping: 0.979400 ms MarkObjects: 5.316800 ms  DeleteObjects: 0.249600 ms)

========================================================================
Received Prepare
Registering precompiled user dll's ...
Registered in 0.062477 seconds.
Begin MonoManager ReloadAssembly
Native extension for WindowsStandalone target not found
Refreshing native plugins compatible for Editor in 2.10 ms, found 2 plugins.
Preloading 0 native plugins for Editor in 0.00 ms.
Invoked RoslynAnalysisRunner static constructor.
RoslynAnalysisRunner will not be running.
RoslynAnalysisRunner has terminated.
Mono: successfully reloaded assembly
- Completed reload, in  4.119 seconds
Platform modules already initialized, skipping
Refreshing native plugins compatible for Editor in 0.93 ms, found 2 plugins.
Preloading 0 native plugins for Editor in 0.00 ms.
Unloading 1804 Unused Serialized files (Serialized files now loaded: 0)
System memory in use before: 92.4 MB.
System memory in use after: 92.4 MB.

Unloading 28 unused Assets to reduce memory usage. Loaded Objects now: 2390.
Total: 3.550400 ms (FindLiveObjects: 0.343300 ms CreateObjectMapping: 0.169100 ms MarkObjects: 2.707900 ms  DeleteObjects: 0.328300 ms)

========================================================================
Received Prepare
Registering precompiled user dll's ...
Registered in 0.112629 seconds.
Begin MonoManager ReloadAssembly
Native extension for WindowsStandalone target not found
Refreshing native plugins compatible for Editor in 1.28 ms, found 2 plugins.
Preloading 0 native plugins for Editor in 0.00 ms.
Invoked RoslynAnalysisRunner static constructor.
RoslynAnalysisRunner will not be running.
RoslynAnalysisRunner has terminated.
Mono: successfully reloaded assembly
- Completed reload, in  4.100 seconds
Platform modules already initialized, skipping
Refreshing native plugins compatible for Editor in 1.17 ms, found 2 plugins.
Preloading 0 native plugins for Editor in 0.00 ms.
Unloading 1804 Unused Serialized files (Serialized files now loaded: 0)
System memory in use before: 92.5 MB.
System memory in use after: 92.5 MB.

Unloading 28 unused Assets to reduce memory usage. Loaded Objects now: 2393.
Total: 4.488800 ms (FindLiveObjects: 0.598100 ms CreateObjectMapping: 0.239500 ms MarkObjects: 3.426600 ms  DeleteObjects: 0.221700 ms)

========================================================================
Received Prepare
Registering precompiled user dll's ...
Registered in 0.077309 seconds.
Begin MonoManager ReloadAssembly
Native extension for WindowsStandalone target not found
Refreshing native plugins compatible for Editor in 0.83 ms, found 2 plugins.
Preloading 0 native plugins for Editor in 0.00 ms.
Invoked RoslynAnalysisRunner static constructor.
RoslynAnalysisRunner will not be running.
RoslynAnalysisRunner has terminated.
Mono: successfully reloaded assembly
- Completed reload, in  2.751 seconds
Platform modules already initialized, skipping
Refreshing native plugins compatible for Editor in 1.29 ms, found 2 plugins.
Preloading 0 native plugins for Editor in 0.00 ms.
Unloading 1804 Unused Serialized files (Serialized files now loaded: 0)
System memory in use before: 92.6 MB.
System memory in use after: 92.6 MB.

Unloading 28 unused Assets to reduce memory usage. Loaded Objects now: 2396.
Total: 5.095300 ms (FindLiveObjects: 0.564200 ms CreateObjectMapping: 0.324800 ms MarkObjects: 4.005100 ms  DeleteObjects: 0.197800 ms)

========================================================================
Received Prepare
Registering precompiled user dll's ...
Registered in 0.145670 seconds.
Begin MonoManager ReloadAssembly
Native extension for WindowsStandalone target not found
Refreshing native plugins compatible for Editor in 1.44 ms, found 2 plugins.
Preloading 0 native plugins for Editor in 0.00 ms.
Invoked RoslynAnalysisRunner static constructor.
RoslynAnalysisRunner will not be running.
RoslynAnalysisRunner has terminated.
Mono: successfully reloaded assembly
- Completed reload, in  3.066 seconds
Platform modules already initialized, skipping
Refreshing native plugins compatible for Editor in 0.81 ms, found 2 plugins.
Preloading 0 native plugins for Editor in 0.00 ms.
Unloading 1804 Unused Serialized files (Serialized files now loaded: 0)
System memory in use before: 92.6 MB.
System memory in use after: 92.6 MB.

Unloading 28 unused Assets to reduce memory usage. Loaded Objects now: 2399.
Total: 4.339300 ms (FindLiveObjects: 0.381500 ms CreateObjectMapping: 0.181100 ms MarkObjects: 3.553300 ms  DeleteObjects: 0.220200 ms)

AssetImportWorkerClient::OnTransportError - code=2 error=End of file
